  Cleaning remote project directory
  Validating sources
  Copying sources remotely to '192.168.253.130'
  Validating architecture
  Starting remote build
  Compiling sources:
  AOIWorld.cpp
  GameChannel.cpp
  GameMsg.cpp
E:\Study\Itcast\work\GameServer\Game\Game\GameMsg.h(18,3): warning : ‘GameMsg::enMsgType’ will be initialized after [-Wreorder]
E:\Study\Itcast\work\GameServer\Game\Game\GameMsg.h(18,3): warning :   }enMsgType;
E:\Study\Itcast\work\GameServer\Game\Game\GameMsg.h(18,3): warning :    ^~~~~~~~~
E:\Study\Itcast\work\GameServer\Game\Game\GameMsg.cpp(3,1): warning : when initialized here [-Wreorder]
  GameProtocol.cpp
E:\Study\Itcast\work\GameServer\Game\Game\GameProtocol.cpp(43,22): warning : comparison between signed and unsigned integer expressions [-Wsign-compare]
E:\Study\Itcast\work\GameServer\Game\Game\GameProtocol.cpp(43,22): warning :    if (szLast.size()-8<iLength)
E:\Study\Itcast\work\GameServer\Game\Game\GameProtocol.cpp(43,22): warning :        ~~~~~~~~~~~~~~~^~~~~~~~
E:\Study\Itcast\work\GameServer\Game\Game\GameProtocol.cpp(75,27): warning : conversion to ‘int’ from ‘std::__cxx11::basic_string<char>::size_type {aka long unsigned int}’ may alter its value [-Wconversion]
E:\Study\Itcast\work\GameServer\Game\Game\GameProtocol.cpp(75,27): warning :   iLength = MsgContent.size();
E:\Study\Itcast\work\GameServer\Game\Game\GameProtocol.cpp(75,27): warning :             ~~~~~~~~~~~~~~~^~
E:\Study\Itcast\work\GameServer\Game\Game\GameProtocol.cpp(78,33): warning : conversion to ‘char’ from ‘int’ may alter its value [-Wconversion]
E:\Study\Itcast\work\GameServer\Game\Game\GameProtocol.cpp(78,33): warning :   pret->push_back((iLength >> 0) & 0xff);
E:\Study\Itcast\work\GameServer\Game\Game\GameProtocol.cpp(78,33): warning :                   ~~~~~~~~~~~~~~~^~~~~~
E:\Study\Itcast\work\GameServer\Game\Game\GameProtocol.cpp(79,33): warning : conversion to ‘char’ from ‘int’ may alter its value [-Wconversion]
E:\Study\Itcast\work\GameServer\Game\Game\GameProtocol.cpp(79,33): warning :   pret->push_back((iLength >> 8) & 0xff);
E:\Study\Itcast\work\GameServer\Game\Game\GameProtocol.cpp(79,33): warning :                   ~~~~~~~~~~~~~~~^~~~~~
E:\Study\Itcast\work\GameServer\Game\Game\GameProtocol.cpp(80,34): warning : conversion to ‘char’ from ‘int’ may alter its value [-Wconversion]
E:\Study\Itcast\work\GameServer\Game\Game\GameProtocol.cpp(80,34): warning :   pret->push_back((iLength >> 16) & 0xff);
E:\Study\Itcast\work\GameServer\Game\Game\GameProtocol.cpp(80,34): warning :                   ~~~~~~~~~~~~~~~~^~~~~~
E:\Study\Itcast\work\GameServer\Game\Game\GameProtocol.cpp(81,34): warning : conversion to ‘char’ from ‘int’ may alter its value [-Wconversion]
E:\Study\Itcast\work\GameServer\Game\Game\GameProtocol.cpp(81,34): warning :   pret->push_back((iLength >> 24) & 0xff);
E:\Study\Itcast\work\GameServer\Game\Game\GameProtocol.cpp(81,34): warning :                   ~~~~~~~~~~~~~~~~^~~~~~
E:\Study\Itcast\work\GameServer\Game\Game\GameProtocol.cpp(83,28): warning : conversion to ‘char’ from ‘int’ may alter its value [-Wconversion]
E:\Study\Itcast\work\GameServer\Game\Game\GameProtocol.cpp(83,28): warning :   pret->push_back((id >> 0) & 0xff);
E:\Study\Itcast\work\GameServer\Game\Game\GameProtocol.cpp(83,28): warning :                   ~~~~~~~~~~^~~~~~
E:\Study\Itcast\work\GameServer\Game\Game\GameProtocol.cpp(84,28): warning : conversion to ‘char’ from ‘int’ may alter its value [-Wconversion]
E:\Study\Itcast\work\GameServer\Game\Game\GameProtocol.cpp(84,28): warning :   pret->push_back((id >> 8) & 0xff);
E:\Study\Itcast\work\GameServer\Game\Game\GameProtocol.cpp(84,28): warning :                   ~~~~~~~~~~^~~~~~
E:\Study\Itcast\work\GameServer\Game\Game\GameProtocol.cpp(85,29): warning : conversion to ‘char’ from ‘int’ may alter its value [-Wconversion]
E:\Study\Itcast\work\GameServer\Game\Game\GameProtocol.cpp(85,29): warning :   pret->push_back((id >> 16) & 0xff);
E:\Study\Itcast\work\GameServer\Game\Game\GameProtocol.cpp(85,29): warning :                   ~~~~~~~~~~~^~~~~~
E:\Study\Itcast\work\GameServer\Game\Game\GameProtocol.cpp(86,29): warning : conversion to ‘char’ from ‘int’ may alter its value [-Wconversion]
E:\Study\Itcast\work\GameServer\Game\Game\GameProtocol.cpp(86,29): warning :   pret->push_back((id >> 24 )& 0xff);
E:\Study\Itcast\work\GameServer\Game\Game\GameProtocol.cpp(86,29): warning :                   ~~~~~~~~~~~^~~~~~
  GameRole.cpp
  main.cpp
  msg.pb.cpp
  Linking objects
  Game.vcxproj -> E:\Study\Itcast\work\GameServer\Game\Game\bin\x64\Debug\Game.out
